103.05.01 18:02 B C:\cynzu\devProjects\resume\currentResumes\html\codeExamples\maze\doc\zujkomiller\genetic\Chromosome.html --> ftpmysite.verizon.net /cynzu/codeExamples/maze/doc/zujkomiller/genetic Chromosome.html
103.05.01 18:02 B C:\cynzu\devProjects\resume\currentResumes\html\codeExamples\maze\doc\zujkomiller\genetic\EvolutionObservable.html --> ftpmysite.verizon.net /cynzu/codeExamples/maze/doc/zujkomiller/genetic EvolutionObservable.html
103.05.01 18:02 B C:\cynzu\devProjects\resume\currentResumes\html\codeExamples\maze\doc\zujkomiller\genetic\EvolutionObserver.html --> ftpmysite.verizon.net /cynzu/codeExamples/maze/doc/zujkomiller/genetic EvolutionObserver.html
103.05.01 18:02 B C:\cynzu\devProjects\resume\currentResumes\html\codeExamples\maze\doc\zujkomiller\genetic\Evolver.html --> ftpmysite.verizon.net /cynzu/codeExamples/maze/doc/zujkomiller/genetic Evolver.html
103.05.01 18:02 B C:\cynzu\devProjects\resume\currentResumes\html\codeExamples\maze\doc\zujkomiller\genetic\FitnessTester.html --> ftpmysite.verizon.net /cynzu/codeExamples/maze/doc/zujkomiller/genetic FitnessTester.html
103.05.01 18:02 B C:\cynzu\devProjects\resume\currentResumes\html\codeExamples\maze\doc\zujkomiller\genetic\Generation.html --> ftpmysite.verizon.net /cynzu/codeExamples/maze/doc/zujkomiller/genetic Generation.html
103.05.01 18:02 B C:\cynzu\devProjects\resume\currentResumes\html\codeExamples\maze\doc\zujkomiller\genetic\GenerationProducer.html --> ftpmysite.verizon.net /cynzu/codeExamples/maze/doc/zujkomiller/genetic GenerationProducer.html
103.05.01 18:02 B C:\cynzu\devProjects\resume\currentResumes\html\codeExamples\maze\doc\zujkomiller\genetic\package-frame.html --> ftpmysite.verizon.net /cynzu/codeExamples/maze/doc/zujkomiller/genetic package-frame.html
103.05.01 18:02 B C:\cynzu\devProjects\resume\currentResumes\html\codeExamples\maze\doc\zujkomiller\genetic\package-summary.html --> ftpmysite.verizon.net /cynzu/codeExamples/maze/doc/zujkomiller/genetic package-summary.html
103.05.01 18:02 B C:\cynzu\devProjects\resume\currentResumes\html\codeExamples\maze\doc\zujkomiller\genetic\package-tree.html --> ftpmysite.verizon.net /cynzu/codeExamples/maze/doc/zujkomiller/genetic package-tree.html
103.05.01 18:02 B C:\cynzu\devProjects\resume\currentResumes\html\codeExamples\maze\doc\zujkomiller\genetic\ProducerFactory.html --> ftpmysite.verizon.net /cynzu/codeExamples/maze/doc/zujkomiller/genetic ProducerFactory.html
103.05.03 19:22 B C:\cynzu\devProjects\resume\currentResumes\html\codeExamples\maze\doc\zujkomiller\genetic\Chromosome.html --> ftpmysite.verizon.net /cynzu/codeExamples/maze/doc/zujkomiller/genetic Chromosome.html
103.05.03 19:22 B C:\cynzu\devProjects\resume\currentResumes\html\codeExamples\maze\doc\zujkomiller\genetic\EvolutionObservable.html --> ftpmysite.verizon.net /cynzu/codeExamples/maze/doc/zujkomiller/genetic EvolutionObservable.html
103.05.03 19:22 B C:\cynzu\devProjects\resume\currentResumes\html\codeExamples\maze\doc\zujkomiller\genetic\EvolutionObserver.html --> ftpmysite.verizon.net /cynzu/codeExamples/maze/doc/zujkomiller/genetic EvolutionObserver.html
103.05.03 19:22 B C:\cynzu\devProjects\resume\currentResumes\html\codeExamples\maze\doc\zujkomiller\genetic\Evolver.html --> ftpmysite.verizon.net /cynzu/codeExamples/maze/doc/zujkomiller/genetic Evolver.html
103.05.03 19:22 B C:\cynzu\devProjects\resume\currentResumes\html\codeExamples\maze\doc\zujkomiller\genetic\FitnessTester.html --> ftpmysite.verizon.net /cynzu/codeExamples/maze/doc/zujkomiller/genetic FitnessTester.html
103.05.03 19:22 B C:\cynzu\devProjects\resume\currentResumes\html\codeExamples\maze\doc\zujkomiller\genetic\Generation.html --> ftpmysite.verizon.net /cynzu/codeExamples/maze/doc/zujkomiller/genetic Generation.html
103.05.03 19:22 B C:\cynzu\devProjects\resume\currentResumes\html\codeExamples\maze\doc\zujkomiller\genetic\GenerationProducer.html --> ftpmysite.verizon.net /cynzu/codeExamples/maze/doc/zujkomiller/genetic GenerationProducer.html
103.05.03 19:22 B C:\cynzu\devProjects\resume\currentResumes\html\codeExamples\maze\doc\zujkomiller\genetic\package-frame.html --> ftpmysite.verizon.net /cynzu/codeExamples/maze/doc/zujkomiller/genetic package-frame.html
103.05.03 19:22 B C:\cynzu\devProjects\resume\currentResumes\html\codeExamples\maze\doc\zujkomiller\genetic\package-summary.html --> ftpmysite.verizon.net /cynzu/codeExamples/maze/doc/zujkomiller/genetic package-summary.html
103.05.03 19:22 B C:\cynzu\devProjects\resume\currentResumes\html\codeExamples\maze\doc\zujkomiller\genetic\package-tree.html --> ftpmysite.verizon.net /cynzu/codeExamples/maze/doc/zujkomiller/genetic package-tree.html
103.05.03 19:22 B C:\cynzu\devProjects\resume\currentResumes\html\codeExamples\maze\doc\zujkomiller\genetic\ProducerFactory.html --> ftpmysite.verizon.net /cynzu/codeExamples/maze/doc/zujkomiller/genetic ProducerFactory.html
105.01.27 16:20 B C:\cynzu\stuffFromVerizon\cynzu\codeExamples\maze\doc\zujkomiller\genetic\WS_FTP.LOG <-- verizon /cynzu/codeExamples/maze/doc/zujkomiller/genetic WS_FTP.LOG
105.03.12 11:15 B C:\cynzu\stuffFromVerizon\cynzu\codeExamples\maze\doc\zujkomiller\genetic\Chromosome.html --> upload.comcast.net /codeExamples/maze/doc/zujkomiller/genetic Chromosome.html
105.03.12 11:15 B C:\cynzu\stuffFromVerizon\cynzu\codeExamples\maze\doc\zujkomiller\genetic\EvolutionObservable.html --> upload.comcast.net /codeExamples/maze/doc/zujkomiller/genetic EvolutionObservable.html
105.03.12 11:15 B C:\cynzu\stuffFromVerizon\cynzu\codeExamples\maze\doc\zujkomiller\genetic\EvolutionObserver.html --> upload.comcast.net /codeExamples/maze/doc/zujkomiller/genetic EvolutionObserver.html
105.03.12 11:15 B C:\cynzu\stuffFromVerizon\cynzu\codeExamples\maze\doc\zujkomiller\genetic\Evolver.html --> upload.comcast.net /codeExamples/maze/doc/zujkomiller/genetic Evolver.html
105.03.12 11:15 B C:\cynzu\stuffFromVerizon\cynzu\codeExamples\maze\doc\zujkomiller\genetic\FitnessTester.html --> upload.comcast.net /codeExamples/maze/doc/zujkomiller/genetic FitnessTester.html
105.03.12 11:15 B C:\cynzu\stuffFromVerizon\cynzu\codeExamples\maze\doc\zujkomiller\genetic\Generation.html --> upload.comcast.net /codeExamples/maze/doc/zujkomiller/genetic Generation.html
105.03.12 11:15 B C:\cynzu\stuffFromVerizon\cynzu\codeExamples\maze\doc\zujkomiller\genetic\GenerationProducer.html --> upload.comcast.net /codeExamples/maze/doc/zujkomiller/genetic GenerationProducer.html
105.03.12 11:15 B C:\cynzu\stuffFromVerizon\cynzu\codeExamples\maze\doc\zujkomiller\genetic\package-frame.html --> upload.comcast.net /codeExamples/maze/doc/zujkomiller/genetic package-frame.html
105.03.12 11:15 B C:\cynzu\stuffFromVerizon\cynzu\codeExamples\maze\doc\zujkomiller\genetic\package-summary.html --> upload.comcast.net /codeExamples/maze/doc/zujkomiller/genetic package-summary.html
105.03.12 11:15 B C:\cynzu\stuffFromVerizon\cynzu\codeExamples\maze\doc\zujkomiller\genetic\package-tree.html --> upload.comcast.net /codeExamples/maze/doc/zujkomiller/genetic package-tree.html
105.03.12 11:15 B C:\cynzu\stuffFromVerizon\cynzu\codeExamples\maze\doc\zujkomiller\genetic\ProducerFactory.html --> upload.comcast.net /codeExamples/maze/doc/zujkomiller/genetic ProducerFactory.html
106.04.09 17:56 B C:\Documents and Settings\Cynthia\docs\download\fromComcastApr2K6\codeExamples\maze\doc\zujkomiller\genetic\WS_FTP.LOG <-- comcast /codeExamples/maze/doc/zujkomiller/genetic WS_FTP.LOG
