103.05.01 18:02 B C:\cynzu\devProjects\resume\currentResumes\html\codeExamples\maze\doc\zujkomiller\genetic\linear\FixedBagChromosome.html --> ftpmysite.verizon.net /cynzu/codeExamples/maze/doc/zujkomiller/genetic/linear FixedBagChromosome.html
103.05.01 18:02 B C:\cynzu\devProjects\resume\currentResumes\html\codeExamples\maze\doc\zujkomiller\genetic\linear\FixedBagProducer.html --> ftpmysite.verizon.net /cynzu/codeExamples/maze/doc/zujkomiller/genetic/linear FixedBagProducer.html
103.05.01 18:02 B C:\cynzu\devProjects\resume\currentResumes\html\codeExamples\maze\doc\zujkomiller\genetic\linear\FixedSetChromosome.html --> ftpmysite.verizon.net /cynzu/codeExamples/maze/doc/zujkomiller/genetic/linear FixedSetChromosome.html
103.05.01 18:02 B C:\cynzu\devProjects\resume\currentResumes\html\codeExamples\maze\doc\zujkomiller\genetic\linear\FixedSetProducer.html --> ftpmysite.verizon.net /cynzu/codeExamples/maze/doc/zujkomiller/genetic/linear FixedSetProducer.html
103.05.01 18:02 B C:\cynzu\devProjects\resume\currentResumes\html\codeExamples\maze\doc\zujkomiller\genetic\linear\LinearChromosome.html --> ftpmysite.verizon.net /cynzu/codeExamples/maze/doc/zujkomiller/genetic/linear LinearChromosome.html
103.05.01 18:02 B C:\cynzu\devProjects\resume\currentResumes\html\codeExamples\maze\doc\zujkomiller\genetic\linear\package-frame.html --> ftpmysite.verizon.net /cynzu/codeExamples/maze/doc/zujkomiller/genetic/linear package-frame.html
103.05.01 18:02 B C:\cynzu\devProjects\resume\currentResumes\html\codeExamples\maze\doc\zujkomiller\genetic\linear\package-summary.html --> ftpmysite.verizon.net /cynzu/codeExamples/maze/doc/zujkomiller/genetic/linear package-summary.html
103.05.01 18:02 B C:\cynzu\devProjects\resume\currentResumes\html\codeExamples\maze\doc\zujkomiller\genetic\linear\package-tree.html --> ftpmysite.verizon.net /cynzu/codeExamples/maze/doc/zujkomiller/genetic/linear package-tree.html
103.05.01 18:02 B C:\cynzu\devProjects\resume\currentResumes\html\codeExamples\maze\doc\zujkomiller\genetic\linear\VariableBagChromosome.html --> ftpmysite.verizon.net /cynzu/codeExamples/maze/doc/zujkomiller/genetic/linear VariableBagChromosome.html
103.05.01 18:02 B C:\cynzu\devProjects\resume\currentResumes\html\codeExamples\maze\doc\zujkomiller\genetic\linear\VariableBagProducer.html --> ftpmysite.verizon.net /cynzu/codeExamples/maze/doc/zujkomiller/genetic/linear VariableBagProducer.html
103.05.01 18:02 B C:\cynzu\devProjects\resume\currentResumes\html\codeExamples\maze\doc\zujkomiller\genetic\linear\VariableSetChromosome.html --> ftpmysite.verizon.net /cynzu/codeExamples/maze/doc/zujkomiller/genetic/linear VariableSetChromosome.html
103.05.01 18:02 B C:\cynzu\devProjects\resume\currentResumes\html\codeExamples\maze\doc\zujkomiller\genetic\linear\VariableSetProducer.html --> ftpmysite.verizon.net /cynzu/codeExamples/maze/doc/zujkomiller/genetic/linear VariableSetProducer.html
103.05.03 19:22 B C:\cynzu\devProjects\resume\currentResumes\html\codeExamples\maze\doc\zujkomiller\genetic\linear\FixedBagChromosome.html --> ftpmysite.verizon.net /cynzu/codeExamples/maze/doc/zujkomiller/genetic/linear FixedBagChromosome.html
103.05.03 19:22 B C:\cynzu\devProjects\resume\currentResumes\html\codeExamples\maze\doc\zujkomiller\genetic\linear\FixedBagProducer.html --> ftpmysite.verizon.net /cynzu/codeExamples/maze/doc/zujkomiller/genetic/linear FixedBagProducer.html
103.05.03 19:22 B C:\cynzu\devProjects\resume\currentResumes\html\codeExamples\maze\doc\zujkomiller\genetic\linear\FixedSetChromosome.html --> ftpmysite.verizon.net /cynzu/codeExamples/maze/doc/zujkomiller/genetic/linear FixedSetChromosome.html
103.05.03 19:22 B C:\cynzu\devProjects\resume\currentResumes\html\codeExamples\maze\doc\zujkomiller\genetic\linear\FixedSetProducer.html --> ftpmysite.verizon.net /cynzu/codeExamples/maze/doc/zujkomiller/genetic/linear FixedSetProducer.html
103.05.03 19:22 B C:\cynzu\devProjects\resume\currentResumes\html\codeExamples\maze\doc\zujkomiller\genetic\linear\LinearChromosome.html --> ftpmysite.verizon.net /cynzu/codeExamples/maze/doc/zujkomiller/genetic/linear LinearChromosome.html
103.05.03 19:22 B C:\cynzu\devProjects\resume\currentResumes\html\codeExamples\maze\doc\zujkomiller\genetic\linear\package-frame.html --> ftpmysite.verizon.net /cynzu/codeExamples/maze/doc/zujkomiller/genetic/linear package-frame.html
103.05.03 19:22 B C:\cynzu\devProjects\resume\currentResumes\html\codeExamples\maze\doc\zujkomiller\genetic\linear\package-summary.html --> ftpmysite.verizon.net /cynzu/codeExamples/maze/doc/zujkomiller/genetic/linear package-summary.html
103.05.03 19:22 B C:\cynzu\devProjects\resume\currentResumes\html\codeExamples\maze\doc\zujkomiller\genetic\linear\package-tree.html --> ftpmysite.verizon.net /cynzu/codeExamples/maze/doc/zujkomiller/genetic/linear package-tree.html
103.05.03 19:22 B C:\cynzu\devProjects\resume\currentResumes\html\codeExamples\maze\doc\zujkomiller\genetic\linear\VariableBagChromosome.html --> ftpmysite.verizon.net /cynzu/codeExamples/maze/doc/zujkomiller/genetic/linear VariableBagChromosome.html
103.05.03 19:22 B C:\cynzu\devProjects\resume\currentResumes\html\codeExamples\maze\doc\zujkomiller\genetic\linear\VariableBagProducer.html --> ftpmysite.verizon.net /cynzu/codeExamples/maze/doc/zujkomiller/genetic/linear VariableBagProducer.html
103.05.03 19:22 B C:\cynzu\devProjects\resume\currentResumes\html\codeExamples\maze\doc\zujkomiller\genetic\linear\VariableSetChromosome.html --> ftpmysite.verizon.net /cynzu/codeExamples/maze/doc/zujkomiller/genetic/linear VariableSetChromosome.html
103.05.03 19:22 B C:\cynzu\devProjects\resume\currentResumes\html\codeExamples\maze\doc\zujkomiller\genetic\linear\VariableSetProducer.html --> ftpmysite.verizon.net /cynzu/codeExamples/maze/doc/zujkomiller/genetic/linear VariableSetProducer.html
105.01.27 16:20 B C:\cynzu\stuffFromVerizon\cynzu\codeExamples\maze\doc\zujkomiller\genetic\linear\WS_FTP.LOG <-- verizon /cynzu/codeExamples/maze/doc/zujkomiller/genetic/linear WS_FTP.LOG
105.03.12 11:15 B C:\cynzu\stuffFromVerizon\cynzu\codeExamples\maze\doc\zujkomiller\genetic\linear\FixedBagChromosome.html --> upload.comcast.net /codeExamples/maze/doc/zujkomiller/genetic/linear FixedBagChromosome.html
105.03.12 11:15 B C:\cynzu\stuffFromVerizon\cynzu\codeExamples\maze\doc\zujkomiller\genetic\linear\FixedBagProducer.html --> upload.comcast.net /codeExamples/maze/doc/zujkomiller/genetic/linear FixedBagProducer.html
105.03.12 11:15 B C:\cynzu\stuffFromVerizon\cynzu\codeExamples\maze\doc\zujkomiller\genetic\linear\FixedSetChromosome.html --> upload.comcast.net /codeExamples/maze/doc/zujkomiller/genetic/linear FixedSetChromosome.html
105.03.12 11:15 B C:\cynzu\stuffFromVerizon\cynzu\codeExamples\maze\doc\zujkomiller\genetic\linear\FixedSetProducer.html --> upload.comcast.net /codeExamples/maze/doc/zujkomiller/genetic/linear FixedSetProducer.html
105.03.12 11:15 B C:\cynzu\stuffFromVerizon\cynzu\codeExamples\maze\doc\zujkomiller\genetic\linear\LinearChromosome.html --> upload.comcast.net /codeExamples/maze/doc/zujkomiller/genetic/linear LinearChromosome.html
105.03.12 11:15 B C:\cynzu\stuffFromVerizon\cynzu\codeExamples\maze\doc\zujkomiller\genetic\linear\package-frame.html --> upload.comcast.net /codeExamples/maze/doc/zujkomiller/genetic/linear package-frame.html
105.03.12 11:15 B C:\cynzu\stuffFromVerizon\cynzu\codeExamples\maze\doc\zujkomiller\genetic\linear\package-summary.html --> upload.comcast.net /codeExamples/maze/doc/zujkomiller/genetic/linear package-summary.html
105.03.12 11:15 B C:\cynzu\stuffFromVerizon\cynzu\codeExamples\maze\doc\zujkomiller\genetic\linear\package-tree.html --> upload.comcast.net /codeExamples/maze/doc/zujkomiller/genetic/linear package-tree.html
105.03.12 11:15 B C:\cynzu\stuffFromVerizon\cynzu\codeExamples\maze\doc\zujkomiller\genetic\linear\VariableBagChromosome.html --> upload.comcast.net /codeExamples/maze/doc/zujkomiller/genetic/linear VariableBagChromosome.html
105.03.12 11:15 B C:\cynzu\stuffFromVerizon\cynzu\codeExamples\maze\doc\zujkomiller\genetic\linear\VariableBagProducer.html --> upload.comcast.net /codeExamples/maze/doc/zujkomiller/genetic/linear VariableBagProducer.html
105.03.12 11:15 B C:\cynzu\stuffFromVerizon\cynzu\codeExamples\maze\doc\zujkomiller\genetic\linear\VariableSetChromosome.html --> upload.comcast.net /codeExamples/maze/doc/zujkomiller/genetic/linear VariableSetChromosome.html
105.03.12 11:15 B C:\cynzu\stuffFromVerizon\cynzu\codeExamples\maze\doc\zujkomiller\genetic\linear\VariableSetProducer.html --> upload.comcast.net /codeExamples/maze/doc/zujkomiller/genetic/linear VariableSetProducer.html
106.04.09 17:56 B C:\Documents and Settings\Cynthia\docs\download\fromComcastApr2K6\codeExamples\maze\doc\zujkomiller\genetic\linear\WS_FTP.LOG <-- comcast /codeExamples/maze/doc/zujkomiller/genetic/linear WS_FTP.LOG
